

============================== 2022-03-06 04:58:58.109377 | 93f1c1f7-2418-462c-9e3e-c5c39883e6de ==============================
04:58:58.109377 [info ] [MainThread]: Running with dbt=1.0.3
04:58:58.109992 [debug] [MainThread]: running dbt with arguments Namespace(record_timing_info=None, debug=None, log_format=None, write_json=None, use_colors=None, printer_width=None, warn_error=None, version_check=None, partial_parse=None, single_threaded=False, use_experimental_parser=None, static_parser=None, profiles_dir='/home/abreham/.dbt', send_anonymous_usage_stats=None, fail_fast=None, event_buffer_size=None, project_dir=None, profile=None, target=None, vars='{}', log_cache_events=False, project_name='Analytics_dbt', skip_profile_setup=False, defer=None, state=None, cls=<class 'dbt.task.init.InitTask'>, which='init', rpc_method=None)
04:58:58.110261 [debug] [MainThread]: Tracking: tracking
04:58:58.115060 [debug] [MainThread]: Sending event: {'category': 'dbt', 'action': 'invocation', 'label': 'start', 'context': [<snowplow_tracker.self_describing_json.SelfDescribingJson object at 0x7fb73453ff70>, <snowplow_tracker.self_describing_json.SelfDescribingJson object at 0x7fb73453ffd0>, <snowplow_tracker.self_describing_json.SelfDescribingJson object at 0x7fb73453fdf0>]}
04:58:58.116038 [info ] [MainThread]: Creating dbt configuration folder at /home/abreham/.dbt
04:58:58.117248 [debug] [MainThread]: Starter project path: /opt/miniconda/lib/python3.9/site-packages/dbt/include/starter_project
04:59:18.247465 [info ] [MainThread]: Profile Analytics_dbt written to /home/abreham/.dbt/profiles.yml using target's sample configuration. Once updated, you'll be able to start developing with dbt.
04:59:18.251164 [info ] [MainThread]: 
Your new dbt project "Analytics_dbt" was created!

For more information on how to configure the profiles.yml file,
please consult the dbt documentation here:

  https://docs.getdbt.com/docs/configure-your-profile

One more thing:

Need help? Don't hesitate to reach out to us via GitHub issues or on Slack:

  https://community.getdbt.com/

Happy modeling!

04:59:18.251705 [debug] [MainThread]: Sending event: {'category': 'dbt', 'action': 'invocation', 'label': 'end', 'context': [<snowplow_tracker.self_describing_json.SelfDescribingJson object at 0x7fb73451cc70>, <snowplow_tracker.self_describing_json.SelfDescribingJson object at 0x7fb73451cd90>, <snowplow_tracker.self_describing_json.SelfDescribingJson object at 0x7fb73451c610>]}


============================== 2022-03-06 09:26:04.566980 | 9fb2f309-8c7f-4dcf-ba9f-77af8c17b614 ==============================
09:26:04.566980 [info ] [MainThread]: Running with dbt=1.0.3
09:26:04.567650 [debug] [MainThread]: running dbt with arguments Namespace(record_timing_info=None, debug=None, log_format=None, write_json=None, use_colors=None, printer_width=None, warn_error=None, version_check=None, partial_parse=None, single_threaded=False, use_experimental_parser=None, static_parser=None, profiles_dir='/home/abreham/.dbt', send_anonymous_usage_stats=None, fail_fast=None, event_buffer_size=None, project_dir=None, profile=None, target=None, vars='{}', log_cache_events=False, config_dir=False, defer=None, state=None, cls=<class 'dbt.task.debug.DebugTask'>, which='debug', rpc_method=None)
09:26:04.568347 [debug] [MainThread]: Tracking: tracking
09:26:04.573204 [debug] [MainThread]: Sending event: {'category': 'dbt', 'action': 'invocation', 'label': 'start', 'context': [<snowplow_tracker.self_describing_json.SelfDescribingJson object at 0x7f829d3c8640>, <snowplow_tracker.self_describing_json.SelfDescribingJson object at 0x7f829d3c8940>, <snowplow_tracker.self_describing_json.SelfDescribingJson object at 0x7f829d3c8820>]}
09:26:04.695869 [debug] [MainThread]: Executing "git --help"
09:26:04.701380 [debug] [MainThread]: STDOUT: "b"usage: git [--version] [--help] [-C <path>] [-c <name>=<value>]\n           [--exec-path[=<path>]] [--html-path] [--man-path] [--info-path]\n           [-p | --paginate | -P | --no-pager] [--no-replace-objects] [--bare]\n           [--git-dir=<path>] [--work-tree=<path>] [--namespace=<name>]\n           [--super-prefix=<path>] [--config-env=<name>=<envvar>]\n           <command> [<args>]\n\nThese are common Git commands used in various situations:\n\nstart a working area (see also: git help tutorial)\n   clone             Clone a repository into a new directory\n   init              Create an empty Git repository or reinitialize an existing one\n\nwork on the current change (see also: git help everyday)\n   add               Add file contents to the index\n   mv                Move or rename a file, a directory, or a symlink\n   restore           Restore working tree files\n   rm                Remove files from the working tree and from the index\n   sparse-checkout   Initialize and modify the sparse-checkout\n\nexamine the history and state (see also: git help revisions)\n   bisect            Use binary search to find the commit that introduced a bug\n   diff              Show changes between commits, commit and working tree, etc\n   grep              Print lines matching a pattern\n   log               Show commit logs\n   show              Show various types of objects\n   status            Show the working tree status\n\ngrow, mark and tweak your common history\n   branch            List, create, or delete branches\n   commit            Record changes to the repository\n   merge             Join two or more development histories together\n   rebase            Reapply commits on top of another base tip\n   reset             Reset current HEAD to the specified state\n   switch            Switch branches\n   tag               Create, list, delete or verify a tag object signed with GPG\n\ncollaborate (see also: git help workflows)\n   fetch             Download objects and refs from another repository\n   pull              Fetch from and integrate with another repository or a local branch\n   push              Update remote refs along with associated objects\n\n'git help -a' and 'git help -g' list available subcommands and some\nconcept guides. See 'git help <command>' or 'git help <concept>'\nto read about a specific subcommand or concept.\nSee 'git help git' for an overview of the system.\n""
09:26:04.702048 [debug] [MainThread]: STDERR: "b''"
09:26:04.702719 [debug] [MainThread]: Sending event: {'category': 'dbt', 'action': 'invocation', 'label': 'end', 'context': [<snowplow_tracker.self_describing_json.SelfDescribingJson object at 0x7f829d3b1760>, <snowplow_tracker.self_describing_json.SelfDescribingJson object at 0x7f829b965a60>, <snowplow_tracker.self_describing_json.SelfDescribingJson object at 0x7f829b965be0>]}


============================== 2022-03-06 09:28:31.158222 | 69717325-01d9-40e3-9319-21e290c400b8 ==============================
09:28:31.158222 [info ] [MainThread]: Running with dbt=1.0.3
09:28:31.158827 [debug] [MainThread]: running dbt with arguments Namespace(record_timing_info=None, debug=None, log_format=None, write_json=None, use_colors=None, printer_width=None, warn_error=None, version_check=None, partial_parse=None, single_threaded=False, use_experimental_parser=None, static_parser=None, profiles_dir='/home/abreham/.dbt', send_anonymous_usage_stats=None, fail_fast=None, event_buffer_size=None, project_dir=None, profile=None, target=None, vars='{}', log_cache_events=False, config_dir=False, defer=None, state=None, cls=<class 'dbt.task.debug.DebugTask'>, which='debug', rpc_method=None)
09:28:31.159120 [debug] [MainThread]: Tracking: tracking
09:28:31.166983 [debug] [MainThread]: Sending event: {'category': 'dbt', 'action': 'invocation', 'label': 'start', 'context': [<snowplow_tracker.self_describing_json.SelfDescribingJson object at 0x7fa2c91ef850>, <snowplow_tracker.self_describing_json.SelfDescribingJson object at 0x7fa2c91ef8e0>, <snowplow_tracker.self_describing_json.SelfDescribingJson object at 0x7fa2c91efa00>]}
09:28:31.300945 [debug] [MainThread]: Executing "git --help"
09:28:31.309178 [debug] [MainThread]: STDOUT: "b"usage: git [--version] [--help] [-C <path>] [-c <name>=<value>]\n           [--exec-path[=<path>]] [--html-path] [--man-path] [--info-path]\n           [-p | --paginate | -P | --no-pager] [--no-replace-objects] [--bare]\n           [--git-dir=<path>] [--work-tree=<path>] [--namespace=<name>]\n           [--super-prefix=<path>] [--config-env=<name>=<envvar>]\n           <command> [<args>]\n\nThese are common Git commands used in various situations:\n\nstart a working area (see also: git help tutorial)\n   clone             Clone a repository into a new directory\n   init              Create an empty Git repository or reinitialize an existing one\n\nwork on the current change (see also: git help everyday)\n   add               Add file contents to the index\n   mv                Move or rename a file, a directory, or a symlink\n   restore           Restore working tree files\n   rm                Remove files from the working tree and from the index\n   sparse-checkout   Initialize and modify the sparse-checkout\n\nexamine the history and state (see also: git help revisions)\n   bisect            Use binary search to find the commit that introduced a bug\n   diff              Show changes between commits, commit and working tree, etc\n   grep              Print lines matching a pattern\n   log               Show commit logs\n   show              Show various types of objects\n   status            Show the working tree status\n\ngrow, mark and tweak your common history\n   branch            List, create, or delete branches\n   commit            Record changes to the repository\n   merge             Join two or more development histories together\n   rebase            Reapply commits on top of another base tip\n   reset             Reset current HEAD to the specified state\n   switch            Switch branches\n   tag               Create, list, delete or verify a tag object signed with GPG\n\ncollaborate (see also: git help workflows)\n   fetch             Download objects and refs from another repository\n   pull              Fetch from and integrate with another repository or a local branch\n   push              Update remote refs along with associated objects\n\n'git help -a' and 'git help -g' list available subcommands and some\nconcept guides. See 'git help <command>' or 'git help <concept>'\nto read about a specific subcommand or concept.\nSee 'git help git' for an overview of the system.\n""
09:28:31.309833 [debug] [MainThread]: STDERR: "b''"
09:28:31.314083 [debug] [MainThread]: Acquiring new postgres connection "debug"
09:28:31.314750 [debug] [MainThread]: Using postgres connection "debug"
09:28:31.315026 [debug] [MainThread]: On debug: select 1 as id
09:28:31.315288 [debug] [MainThread]: Opening a new connection, currently in state init
09:28:31.341247 [debug] [MainThread]: SQL status: SELECT 1 in 0.03 seconds
09:28:31.343871 [debug] [MainThread]: On debug: Close
09:28:31.348093 [debug] [MainThread]: Sending event: {'category': 'dbt', 'action': 'invocation', 'label': 'end', 'context': [<snowplow_tracker.self_describing_json.SelfDescribingJson object at 0x7fa2c77873d0>, <snowplow_tracker.self_describing_json.SelfDescribingJson object at 0x7fa2c7787d60>, <snowplow_tracker.self_describing_json.SelfDescribingJson object at 0x7fa2c7787940>]}
09:28:31.663325 [debug] [MainThread]: Connection 'debug' was properly closed.


============================== 2022-03-06 09:28:50.603165 | f0e3d4f8-54ab-481a-9ad4-13ad32de3350 ==============================
09:28:50.603165 [info ] [MainThread]: Running with dbt=1.0.3
09:28:50.603771 [debug] [MainThread]: running dbt with arguments Namespace(record_timing_info=None, debug=None, log_format=None, write_json=None, use_colors=None, printer_width=None, warn_error=None, version_check=None, partial_parse=None, single_threaded=False, use_experimental_parser=None, static_parser=None, profiles_dir='/home/abreham/.dbt', send_anonymous_usage_stats=None, fail_fast=None, event_buffer_size=None, project_dir=None, profile=None, target=None, vars='{}', log_cache_events=False, config_dir=False, defer=None, state=None, cls=<class 'dbt.task.debug.DebugTask'>, which='debug', rpc_method=None)
09:28:50.604056 [debug] [MainThread]: Tracking: tracking
09:28:50.608403 [debug] [MainThread]: Sending event: {'category': 'dbt', 'action': 'invocation', 'label': 'start', 'context': [<snowplow_tracker.self_describing_json.SelfDescribingJson object at 0x7f8f32eec8b0>, <snowplow_tracker.self_describing_json.SelfDescribingJson object at 0x7f8f32eec940>, <snowplow_tracker.self_describing_json.SelfDescribingJson object at 0x7f8f32eec910>]}
09:28:50.714060 [debug] [MainThread]: Executing "git --help"
09:28:50.719423 [debug] [MainThread]: STDOUT: "b"usage: git [--version] [--help] [-C <path>] [-c <name>=<value>]\n           [--exec-path[=<path>]] [--html-path] [--man-path] [--info-path]\n           [-p | --paginate | -P | --no-pager] [--no-replace-objects] [--bare]\n           [--git-dir=<path>] [--work-tree=<path>] [--namespace=<name>]\n           [--super-prefix=<path>] [--config-env=<name>=<envvar>]\n           <command> [<args>]\n\nThese are common Git commands used in various situations:\n\nstart a working area (see also: git help tutorial)\n   clone             Clone a repository into a new directory\n   init              Create an empty Git repository or reinitialize an existing one\n\nwork on the current change (see also: git help everyday)\n   add               Add file contents to the index\n   mv                Move or rename a file, a directory, or a symlink\n   restore           Restore working tree files\n   rm                Remove files from the working tree and from the index\n   sparse-checkout   Initialize and modify the sparse-checkout\n\nexamine the history and state (see also: git help revisions)\n   bisect            Use binary search to find the commit that introduced a bug\n   diff              Show changes between commits, commit and working tree, etc\n   grep              Print lines matching a pattern\n   log               Show commit logs\n   show              Show various types of objects\n   status            Show the working tree status\n\ngrow, mark and tweak your common history\n   branch            List, create, or delete branches\n   commit            Record changes to the repository\n   merge             Join two or more development histories together\n   rebase            Reapply commits on top of another base tip\n   reset             Reset current HEAD to the specified state\n   switch            Switch branches\n   tag               Create, list, delete or verify a tag object signed with GPG\n\ncollaborate (see also: git help workflows)\n   fetch             Download objects and refs from another repository\n   pull              Fetch from and integrate with another repository or a local branch\n   push              Update remote refs along with associated objects\n\n'git help -a' and 'git help -g' list available subcommands and some\nconcept guides. See 'git help <command>' or 'git help <concept>'\nto read about a specific subcommand or concept.\nSee 'git help git' for an overview of the system.\n""
09:28:50.720075 [debug] [MainThread]: STDERR: "b''"
09:28:50.724459 [debug] [MainThread]: Acquiring new postgres connection "debug"
09:28:50.725531 [debug] [MainThread]: Using postgres connection "debug"
09:28:50.725858 [debug] [MainThread]: On debug: select 1 as id
09:28:50.726166 [debug] [MainThread]: Opening a new connection, currently in state init
09:28:50.740217 [debug] [MainThread]: SQL status: SELECT 1 in 0.01 seconds
09:28:50.742506 [debug] [MainThread]: On debug: Close
09:28:50.746386 [debug] [MainThread]: Sending event: {'category': 'dbt', 'action': 'invocation', 'label': 'end', 'context': [<snowplow_tracker.self_describing_json.SelfDescribingJson object at 0x7f8f31480310>, <snowplow_tracker.self_describing_json.SelfDescribingJson object at 0x7f8f31480f70>, <snowplow_tracker.self_describing_json.SelfDescribingJson object at 0x7f8f314808e0>]}
09:28:51.042614 [debug] [MainThread]: Connection 'debug' was properly closed.
